<?xml version="1.0" encoding="UTF-8"?>
<!-- Generated by org.testng.reporters.JUnitReportReporter -->
<testsuite hostname="DESKTOP-334HMDF" failures="0" tests="5" name="com.tutorialsninja.qa.testcases.Login" time="24.250" errors="0" timestamp="2023-11-03T20:42:44 IST" skipped="0">
  <testcase classname="com.tutorialsninja.qa.testcases.Login" name="verifyLoginWithValidCredentials" time="5.673"/>
  <testcase classname="com.tutorialsninja.qa.testcases.Login" name="verifyLoginWithInvalidCredentials" time="4.050"/>
  <testcase classname="com.tutorialsninja.qa.testcases.Login" name="verifyLoginWithInvalidEmailAndValidPassword" time="4.054"/>
  <testcase classname="com.tutorialsninja.qa.testcases.Login" name="verifyLoginWithvalidEmailAndInvalidPassword" time="3.995"/>
  <testcase classname="com.tutorialsninja.qa.testcases.Login" name="VerifyLoginWithoutProvidingCredentials" time="6.478"/>
</testsuite> <!-- com.tutorialsninja.qa.testcases.Login -->
